This file contains any messages produced by compilers while
running configure, to aid debugging if configure makes a mistake.

It was created by tsung configure 1.7.1_dev, which was
generated by GNU Autoconf 2.69.  Invocation command line was

  $ ./configure 

## --------- ##
## Platform. ##
## --------- ##

hostname = thingsphere-dev
uname -m = x86_64
uname -r = 4.15.0-43-generic
uname -s = Linux
uname -v = #46-Ubuntu SMP Thu Dec 6 14:45:28 UTC 2018

/usr/bin/uname -p = unknown
/bin/uname -X     = unknown

/bin/arch              = unknown
/usr/bin/arch -k       = unknown
/usr/convex/getsysinfo = unknown
/usr/bin/hostinfo      = unknown
/bin/machine           = unknown
/usr/bin/oslevel       = unknown
/bin/universe          = unknown

PATH: /root/.nvm/versions/node/v8.11.3/bin
PATH: /usr/local/sbin
PATH: /usr/local/bin
PATH: /usr/sbin
PATH: /usr/bin
PATH: /sbin
PATH: /bin
PATH: /usr/games
PATH: /usr/local/games
PATH: /snap/bin
PATH: /bin
PATH: /root/go/bin


## ----------- ##
## Core tests. ##
## ----------- ##

configure:1788: checking for sed
configure:1806: found /bin/sed
configure:1818: result: /bin/sed
configure:1890: checking for erlc
configure:1909: found /usr/bin/erlc
configure:1921: result: /usr/bin/erlc
configure:1998: checking for erl
configure:2017: found /usr/bin/erl
configure:2029: result: /usr/bin/erl
configure:2055: checking for dialyzer
configure:2074: found /usr/bin/dialyzer
configure:2087: result: /usr/bin/dialyzer
configure:2100: checking for erl
configure:2118: found /usr/bin/erl
configure:2130: result: /usr/bin/erl
configure:2189: checking for erlc
configure:2191: result: /usr/bin/erlc
configure:2299: checking for erl
configure:2301: result: /usr/bin/erl
configure:2408: checking for Erlang/OTP root directory
configure:2434: $ERLC $ERLCFLAGS -b beam conftest.$ac_ext >&5 && echo "#!/bin/sh" > conftest$ac_exeext && $as_echo "\"$ERL\" -run conftest start -run init stop -noshell" >> conftest$ac_exeext && chmod +x conftest$ac_exeext
configure:2434: $? = 0
configure:2434: ./conftest
configure:2434: $? = 0
configure:2453: result: /usr/lib/erlang
configure:2459: checking for Erlang/OTP 'xmerl' library subdirectory
configure:2490: $ERLC $ERLCFLAGS -b beam conftest.$ac_ext >&5 && echo "#!/bin/sh" > conftest$ac_exeext && $as_echo "\"$ERL\" -run conftest start -run init stop -noshell" >> conftest$ac_exeext && chmod +x conftest$ac_exeext
configure:2490: $? = 0
configure:2490: ./conftest
configure:2490: $? = 0
configure:2513: result: /usr/lib/erlang/lib/xmerl-1.3.18
configure:2515: checking for Erlang/OTP 'xmerl' library version
configure:2526: result: 1.3.18
configure:2536: checking for Erlang/OTP 'ssl' library subdirectory
configure:2567: $ERLC $ERLCFLAGS -b beam conftest.$ac_ext >&5 && echo "#!/bin/sh" > conftest$ac_exeext && $as_echo "\"$ERL\" -run conftest start -run init stop -noshell" >> conftest$ac_exeext && chmod +x conftest$ac_exeext
configure:2567: $? = 0
configure:2567: ./conftest
configure:2567: $? = 0
configure:2590: result: /usr/lib/erlang/lib/ssl-9.0.2
configure:2592: checking for Erlang/OTP 'ssl' library version
configure:2603: result: 9.0.2
configure:2613: checking for Erlang/OTP 'crypto' library subdirectory
configure:2644: $ERLC $ERLCFLAGS -b beam conftest.$ac_ext >&5 && echo "#!/bin/sh" > conftest$ac_exeext && $as_echo "\"$ERL\" -run conftest start -run init stop -noshell" >> conftest$ac_exeext && chmod +x conftest$ac_exeext
configure:2644: $? = 0
configure:2644: ./conftest
configure:2644: $? = 0
configure:2667: result: /usr/lib/erlang/lib/crypto-4.3.3
configure:2669: checking for Erlang/OTP 'crypto' library version
configure:2680: result: 4.3.3
configure:2690: checking for Erlang/OTP 'public_key' library subdirectory
configure:2721: $ERLC $ERLCFLAGS -b beam conftest.$ac_ext >&5 && echo "#!/bin/sh" > conftest$ac_exeext && $as_echo "\"$ERL\" -run conftest start -run init stop -noshell" >> conftest$ac_exeext && chmod +x conftest$ac_exeext
configure:2721: $? = 0
configure:2721: ./conftest
configure:2721: $? = 0
configure:2744: result: /usr/lib/erlang/lib/public_key-1.6.2
configure:2746: checking for Erlang/OTP 'public_key' library version
configure:2757: result: 1.6.2
configure:2768: checking if Erlang/OTP SSL application is running fine
configure:2793: $ERLC $ERLCFLAGS -b beam conftest.$ac_ext >&5 && echo "#!/bin/sh" > conftest$ac_exeext && $as_echo "\"$ERL\" -run conftest start -run init stop -noshell" >> conftest$ac_exeext && chmod +x conftest$ac_exeext
conftest.erl:7: Warning: variable 'Err' is unused
configure:2793: $? = 0
configure:2793: ./conftest
configure:2793: $? = 1
configure: program exited with status 1
configure: failed program was:
| -module(conftest).
| -export([start/0]).
| 
| start() ->
|          case application:start(ssl) of
|            ok  -> ok;
|            Err -> halt(1)
|          end,
|          halt(0)
| .
| 
configure:2820: $ERLC $ERLCFLAGS -b beam conftest.$ac_ext >&5 && echo "#!/bin/sh" > conftest$ac_exeext && $as_echo "\"$ERL\" -run conftest start -run init stop -noshell" >> conftest$ac_exeext && chmod +x conftest$ac_exeext
conftest.erl:10: Warning: variable 'Err' is unused
configure:2820: $? = 0
configure:2820: ./conftest
configure:2820: $? = 0
configure:2840: result: yes
configure:2845: checking if Erlang/OTP crypto application is running fine
configure:2877: $ERLC $ERLCFLAGS -b beam conftest.$ac_ext >&5 && echo "#!/bin/sh" > conftest$ac_exeext && $as_echo "\"$ERL\" -run conftest start -run init stop -noshell" >> conftest$ac_exeext && chmod +x conftest$ac_exeext
configure:2877: $? = 0
configure:2877: ./conftest
configure:2877: $? = 0
configure:2889: result: yes
configure:2892: checking new time API
configure:2917: $ERLC $ERLCFLAGS -b beam conftest.$ac_ext >&5 && echo "#!/bin/sh" > conftest$ac_exeext && $as_echo "\"$ERL\" -run conftest start -run init stop -noshell" >> conftest$ac_exeext && chmod +x conftest$ac_exeext
conftest.erl:6: Warning: variable 'A' is unused
conftest.erl:6: Warning: variable 'B' is unused
conftest.erl:6: Warning: variable 'C' is unused
configure:2917: $? = 0
configure:2917: ./conftest
configure:2917: $? = 0
configure:2929: result: yes
configure:2941: checking whether make sets $(MAKE)
configure:2963: result: yes
configure:3015: checking for a BSD-compatible install
configure:3083: result: /usr/bin/install -c
configure:3123: Storing library files in /usr/lib
configure:3153: Storing data files in /usr/share/tsung
configure:3309: creating ./config.status

## ---------------------- ##
## Running config.status. ##
## ---------------------- ##

This file was extended by tsung config.status 1.7.1_dev, which was
generated by GNU Autoconf 2.69.  Invocation command line was

  CONFIG_FILES    = 
  CONFIG_HEADERS  = 
  CONFIG_LINKS    = 
  CONFIG_COMMANDS = 
  $ ./config.status 

on thingsphere-dev

config.status:751: creating Makefile
config.status:751: creating tsung.spec
config.status:751: creating tsung.sh
config.status:751: creating tsung-recorder.sh
config.status:751: creating examples/*.xml
config.status:751: creating examples/amqp.xml
config.status:751: creating examples/bosh.xml
config.status:751: creating examples/fs-nfs.xml
config.status:751: creating examples/http-digest.xml
config.status:751: creating examples/http-oauth.xml
config.status:751: creating examples/http_distributed.xml
config.status:751: creating examples/http_setdynvars.xml
config.status:751: creating examples/http_simple.xml
config.status:751: creating examples/http_tag.xml
config.status:751: creating examples/jabber.xml
config.status:751: creating examples/jabber_muc.xml
config.status:751: creating examples/jabber_node.xml
config.status:751: creating examples/jabber_privacy.xml
config.status:751: creating examples/jabber_register.xml
config.status:751: creating examples/jabber_roster.xml
config.status:751: creating examples/jabber_starttls.xml
config.status:751: creating examples/ldap.xml
config.status:751: creating examples/mqtt.xml
config.status:751: creating examples/mysql.xml
config.status:751: creating examples/pgsql.xml
config.status:751: creating examples/raw.xml
config.status:751: creating examples/thinks.xml
config.status:751: creating examples/thinks2.xml
config.status:751: creating examples/websocket.xml
config.status:751: creating src/tsung_stats.pl
config.status:854: WARNING:  'src/tsung_stats.pl.in' seems to ignore the --datarootdir setting
config.status:751: creating src/tsung-plotter/tsplot.py
config.status:751: creating src/log2tsung.pl
config.status:854: WARNING:  'src/log2tsung.pl.in' seems to ignore the --datarootdir setting
config.status:751: creating src/tsung_controller/tsung_controller.app
config.status:751: creating src/tsung_recorder/tsung_recorder.app
config.status:751: creating src/tsung/tsung.app

## ---------------- ##
## Cache variables. ##
## ---------------- ##

ac_cv_env_ERLCFLAGS_set=
ac_cv_env_ERLCFLAGS_value=
ac_cv_env_ERLC_set=
ac_cv_env_ERLC_value=
ac_cv_env_ERL_set=
ac_cv_env_ERL_value=
ac_cv_env_build_alias_set=
ac_cv_env_build_alias_value=
ac_cv_env_host_alias_set=
ac_cv_env_host_alias_value=
ac_cv_env_target_alias_set=
ac_cv_env_target_alias_value=
ac_cv_erlang_lib_dir_crypto=/usr/lib/erlang/lib/crypto-4.3.3
ac_cv_erlang_lib_dir_public_key=/usr/lib/erlang/lib/public_key-1.6.2
ac_cv_erlang_lib_dir_ssl=/usr/lib/erlang/lib/ssl-9.0.2
ac_cv_erlang_lib_dir_xmerl=/usr/lib/erlang/lib/xmerl-1.3.18
ac_cv_erlang_lib_ver_crypto=4.3.3
ac_cv_erlang_lib_ver_public_key=1.6.2
ac_cv_erlang_lib_ver_ssl=9.0.2
ac_cv_erlang_lib_ver_xmerl=1.3.18
ac_cv_erlang_root_dir=/usr/lib/erlang
ac_cv_path_DIALYZER=/usr/bin/dialyzer
ac_cv_path_SED=/bin/sed
ac_cv_path_ac_prefix_program=/usr/bin/erl
ac_cv_path_ac_pt_ERL=/usr/bin/erl
ac_cv_path_ac_pt_ERLC=/usr/bin/erlc
ac_cv_path_install='/usr/bin/install -c'
ac_cv_prog_make_make_set=yes
erlang_cv_crypto_runnable=yes
erlang_cv_new_time_api=yes
erlang_cv_ssl_runnable=yes

## ----------------- ##
## Output variables. ##
## ----------------- ##

CONFIGURE_DEPENDENCIES='vsn.mk'
CONFIG_STATUS_DEPENDENCIES='vsn.mk'
DEFS='-DPACKAGE_NAME=\"tsung\" -DPACKAGE_TARNAME=\"tsung\" -DPACKAGE_VERSION=\"1.7.1_dev\" -DPACKAGE_STRING=\"tsung\ 1.7.1_dev\" -DPACKAGE_BUGREPORT=\"tsung-users@process-one.net\" -DPACKAGE_URL=\"\"'
DIALYZER='/usr/bin/dialyzer'
DTD='tsung-1.0.dtd'
ECHO_C=''
ECHO_N='-n'
ECHO_T=''
ERL='/usr/bin/erl'
ERLANG_APPLICATIONS='kernel,stdlib,asn1,crypto,public_key,ssl,crypto'
ERLANG_LIB_DIR_crypto='/usr/lib/erlang/lib/crypto-4.3.3'
ERLANG_LIB_DIR_public_key='/usr/lib/erlang/lib/public_key-1.6.2'
ERLANG_LIB_DIR_ssl='/usr/lib/erlang/lib/ssl-9.0.2'
ERLANG_LIB_DIR_xmerl='/usr/lib/erlang/lib/xmerl-1.3.18'
ERLANG_LIB_VER_crypto='4.3.3'
ERLANG_LIB_VER_public_key='1.6.2'
ERLANG_LIB_VER_ssl='9.0.2'
ERLANG_LIB_VER_xmerl='1.3.18'
ERLANG_ROOT_DIR='/usr/lib/erlang'
ERLC='/usr/bin/erlc'
ERLCFLAGS=''
ERL_OPTS=''
EXPANDED_LIBDIR='/usr/lib'
EXPANDED_SHAREDIR='/usr/share/tsung'
INSTALL_DATA='${INSTALL} -m 644'
INSTALL_PROGRAM='${INSTALL}'
INSTALL_SCRIPT='${INSTALL}'
LIBOBJS=''
LIBS=''
LTLIBOBJS=''
PACKAGE_BUGREPORT='tsung-users@process-one.net'
PACKAGE_NAME='tsung'
PACKAGE_STRING='tsung 1.7.1_dev'
PACKAGE_TARNAME='tsung'
PACKAGE_URL=''
PACKAGE_VERSION='1.7.1_dev'
PATH_SEPARATOR=':'
SED='/bin/sed'
SET_MAKE=''
SHELL='/bin/bash'
TEMPLATES_SUBDIR='tsung/templates'
ac_prefix_program='/usr/bin/erl'
bindir='${exec_prefix}/bin'
build_alias=''
datadir='${datarootdir}'
datarootdir='${prefix}/share'
docdir='${datarootdir}/doc/${PACKAGE_TARNAME}'
dvidir='${docdir}'
erlang_cv_new_time_api='yes'
exec_prefix='${prefix}'
host_alias=''
htmldir='${docdir}'
includedir='${prefix}/include'
infodir='${datarootdir}/info'
libdir='${exec_prefix}/lib'
libexecdir='${exec_prefix}/libexec'
localedir='${datarootdir}/locale'
localstatedir='${prefix}/var'
mandir='${datarootdir}/man'
oldincludedir='/usr/include'
pdfdir='${docdir}'
prefix='/usr'
program_transform_name='s,x,x,'
psdir='${docdir}'
sbindir='${exec_prefix}/sbin'
sharedstatedir='${prefix}/com'
sysconfdir='${prefix}/etc'
target_alias=''

## ----------- ##
## confdefs.h. ##
## ----------- ##

/* confdefs.h */
#define PACKAGE_NAME "tsung"
#define PACKAGE_TARNAME "tsung"
#define PACKAGE_VERSION "1.7.1_dev"
#define PACKAGE_STRING "tsung 1.7.1_dev"
#define PACKAGE_BUGREPORT "tsung-users@process-one.net"
#define PACKAGE_URL ""

configure: exit 0

## ---------------------- ##
## Running config.status. ##
## ---------------------- ##

This file was extended by tsung config.status 1.7.1_dev, which was
generated by GNU Autoconf 2.69.  Invocation command line was

  CONFIG_FILES    = 
  CONFIG_HEADERS  = 
  CONFIG_LINKS    = 
  CONFIG_COMMANDS = 
  $ ./config.status --file=src/tsung_percentile.pl

on thingsphere-dev

config.status:: creating src/tsung_percentile.pl

## ---------------------- ##
## Running config.status. ##
## ---------------------- ##

This file was extended by tsung config.status 1.7.1_dev, which was
generated by GNU Autoconf 2.69.  Invocation command line was

  CONFIG_FILES    = 
  CONFIG_HEADERS  = 
  CONFIG_LINKS    = 
  CONFIG_COMMANDS = 
  $ ./config.status --file=src/tsung-rrd.pl

on thingsphere-dev

config.status:: creating src/tsung-rrd.pl
